0	1	2	3	1	4	2	0	0	0	0	word_1.png
1	5	3	3	6	0	0	0	0	0	0	word_2.png
2	1	2	3	7	8	3	0	0	0	0	word_3.png
3	9	10	11	10	0	0	0	0	0	0	word_5.png
4	12	13	14	0	0	0	0	0	0	0	word_6.png
5	15	13	16	11	17	18	13	19	0	0	word_7.png
6	20	21	0	0	0	0	0	0	0	0	word_8.png
7	15	3	7	22	0	0	0	0	0	0	word_9.png
8	18	16	13	10	23	13	0	0	0	0	word_10.png
9	24	19	19	25	13	19	0	0	0	0	word_12.png
10	17	26	0	0	0	0	0	0	0	0	word_13.png
11	15	21	27	23	28	10	16	13	0	0	word_14.png
12	27	16	10	26	29	0	0	0	0	0	word_16.png
13	14	21	23	23	0	0	0	0	0	0	word_17.png
14	10	30	30	17	19	21	26	0	0	0	word_18.png
15	18	21	30	13	31	10	26	0	0	0	word_19.png
16	32	10	18	29	0	0	0	0	0	0	word_20.png
17	13	10	23	21	26	0	0	0	0	0	word_21.png
18	33	17	10	26	13	0	0	0	0	0	word_22.png
19	16	21	28	30	10	26	33	0	0	0	word_23.png
20	34	21	30	20	10	23	13	0	0	0	word_26.png
21	5	30	25	21	16	17	33	13	0	0	word_27.png
22	8	21	21	23	35	36	10	19	23	13	word_28.png
23	2	0	0	0	0	0	0	0	0	0	word_29.png
24	5	3	15	8	4	2	37	15	0	0	word_30.png
25	5	3	15	8	4	2	37	15	0	0	word_31.png
26	5	3	15	8	4	2	37	15	0	0	word_32.png
27	3	0	0	0	0	0	0	0	0	0	word_33.png
28	5	0	0	0	0	0	0	0	0	0	word_34.png
29	5	3	15	8	4	2	37	15	0	0	word_35.png
30	8	35	13	0	0	0	0	0	0	0	word_36.png
31	15	38	6	0	0	0	0	0	0	0	word_37.png
32	15	38	34	39	0	0	0	0	0	0	word_38.png
33	34	10	27	13	0	0	0	0	0	0	word_39.png
34	38	34	34	4	15	15	0	0	0	0	word_40.png
35	8	3	0	0	0	0	0	0	0	0	word_41.png
36	39	7	3	12	0	0	0	0	0	0	word_42.png
37	40	38	41	41	38	41	4	0	0	0	word_43.png
38	42	43	44	0	0	0	0	0	0	0	word_45.png
39	45	26	33	0	0	0	0	0	0	0	word_46.png
40	4	33	17	23	17	21	26	0	0	0	word_47.png
41	46	47	0	0	0	0	0	0	0	0	word_48.png
42	48	0	0	0	0	0	0	0	0	0	word_49.png
43	49	50	0	0	0	0	0	0	0	0	word_50.png
44	30	19	0	0	0	0	0	0	0	0	word_51.png
45	10	33	33	16	13	19	19	0	0	0	word_53.png
46	30	10	14	13	30	19	0	0	0	0	word_54.png
47	45	51	52	0	0	0	0	0	0	0	word_55.png
48	21	26	0	0	0	0	0	0	0	0	word_56.png
49	10	0	0	0	0	0	0	0	0	0	word_57.png
50	16	21	30	30	0	0	0	0	0	0	word_58.png
51	35	53	0	0	0	0	0	0	0	0	word_59.png
52	9	45	15	4	0	0	0	0	0	0	word_60.png
53	12	13	0	0	0	0	0	0	0	0	word_61.png
54	31	10	29	13	0	0	0	0	0	0	word_62.png
55	19	25	16	13	0	0	0	0	0	0	word_63.png
56	26	21	23	35	17	26	20	0	0	0	word_64.png
57	10	26	33	0	0	0	0	0	0	0	word_65.png
58	23	35	13	0	0	0	0	0	0	0	word_66.png
59	13	54	25	17	36	31	13	26	23	0	word_67.png
60	55	21	25	0	0	0	0	0	0	0	word_68.png
61	26	13	13	33	56	0	0	0	0	0	word_69.png
62	12	38	57	4	6	3	43	0	0	0	word_70.png
63	12	38	57	4	6	3	43	0	0	0	word_71.png
64	5	21	21	23	36	10	23	35	0	0	word_72.png
65	8	21	0	0	0	0	0	0	0	0	word_73.png
66	34	21	30	18	35	13	19	23	13	16	word_74.png
67	10	26	33	0	0	0	0	0	0	0	word_75.png
68	41	16	13	13	26	19	23	13	10	33	word_76.png
69	6	4	44	44	0	0	0	0	0	0	word_77.png
70	15	8	24	2	44	24	7	41	0	0	word_78.png
71	34	38	15	8	44	4	0	0	0	0	word_79.png
72	38	2	41	22	44	44	37	15	0	0	word_80.png
73	44	3	6	41	24	7	41	15	0	0	word_81.png
74	41	3	3	6	0	0	0	0	0	0	word_82.png
75	58	3	43	4	0	0	0	0	0	0	word_83.png
76	43	38	6	4	0	0	0	0	0	0	word_84.png
77	5	3	3	6	0	0	0	0	0	0	word_85.png
78	34	38	15	39	0	0	0	0	0	0	word_86.png
79	38	44	4	15	0	0	0	0	0	0	word_88.png
80	41	38	2	6	4	7	0	0	0	0	word_89.png
81	15	34	3	8	8	24	15	58	0	0	word_90.png
82	7	38	8	24	3	7	38	44	0	0	word_91.png
83	41	38	44	44	4	2	22	0	0	0	word_92.png
84	43	3	6	4	2	7	0	0	0	0	word_93.png
85	8	17	18	29	13	23	19	0	0	0	word_95.png
86	8	16	10	17	26	19	0	0	0	0	word_96.png
87	6	38	7	41	4	2	0	0	0	0	word_97.png
88	15	24	8	4	0	0	0	0	0	0	word_99.png
89	2	17	19	29	0	0	0	0	0	0	word_100.png
90	21	27	0	0	0	0	0	0	0	0	word_101.png
91	15	13	16	17	21	25	19	0	0	0	word_102.png
92	24	26	32	25	16	55	0	0	0	0	word_103.png
93	39	4	4	1	0	0	0	0	0	0	word_104.png
94	3	59	8	0	0	0	0	0	0	0	word_105.png
95	38	7	6	0	0	0	0	0	0	0	word_106.png
96	39	4	4	1	0	0	0	0	0	0	word_107.png
97	22	3	59	2	0	0	0	0	0	0	word_108.png
98	34	58	24	44	6	2	4	7	0	0	word_109.png
99	3	59	8	53	0	0	0	0	0	0	word_110.png
100	10	16	30	14	21	16	21	0	0	0	word_111.png
101	44	24	41	58	8	15	0	0	0	0	word_112.png
102	15	55	26	18	43	10	19	23	13	16	word_113.png
103	45	60	46	8	0	0	0	0	0	0	word_114.png
104	34	3	44	34	58	4	15	8	4	2	word_115.png
105	6	0	0	0	0	0	0	0	0	0	word_116.png
106	61	40	56	51	45	49	0	0	0	0	word_117.png
107	61	40	56	51	45	47	0	0	0	0	word_118.png
108	61	40	56	51	45	61	0	0	0	0	word_119.png
109	61	40	56	51	45	45	0	0	0	0	word_120.png
110	22	3	59	0	0	0	0	0	0	0	word_121.png
111	38	2	4	0	0	0	0	0	0	0	word_122.png
112	58	4	2	4	0	0	0	0	0	0	word_123.png
113	34	38	2	44	24	7	41	0	0	0	word_124.png
114	2	22	38	7	38	24	2	0	0	0	word_125.png
115	43	25	30	23	17	15	55	26	18	0	word_126.png
116	44	34	6	45	61	62	52	12	57	42	word_127.png
117	34	3	2	38	44	0	0	0	0	0	word_128.png
118	1	16	21	18	13	13	33	0	0	0	word_129.png
119	28	17	23	35	0	0	0	0	0	0	word_130.png
120	18	10	25	23	17	21	26	56	0	0	word_131.png
121	58	13	17	20	35	23	0	0	0	0	word_132.png
122	28	35	13	26	0	0	0	0	0	0	word_133.png
123	16	10	17	19	13	33	0	0	0	0	word_134.png
124	60	60	51	31	31	0	0	0	0	0	word_135.png
125	63	61	60	45	64	65	0	0	0	0	word_136.png
126	59	15	4	0	0	0	0	0	0	0	word_137.png
127	3	7	44	22	0	0	0	0	0	0	word_138.png
128	6	2	24	66	12	24	1	4	0	0	word_139.png
129	43	38	2	39	4	2	15	0	0	0	word_140.png
130	3	7	0	0	0	0	0	0	0	0	word_141.png
131	8	58	4	15	4	0	0	0	0	0	word_142.png
132	40	3	38	2	6	15	0	0	0	0	word_143.png
133	34	13	26	23	16	10	30	0	0	0	word_144.png
134	8	55	16	13	0	0	0	0	0	0	word_145.png
135	43	56	3	56	8	56	0	0	0	0	word_146.png
136	34	3	44	34	58	4	15	8	4	2	word_147.png
137	1	3	15	8	0	0	0	0	0	0	word_148.png
138	3	5	5	24	34	4	0	0	0	0	word_149.png
139	39	26	21	28	30	13	33	20	13	0	word_150.png
140	43	10	26	10	20	13	31	13	26	23	word_151.png
141	63	39	43	65	0	0	0	0	0	0	word_152.png
142	45	56	60	52	0	0	0	0	0	0	word_153.png
143	3	30	13	20	0	0	0	0	0	0	word_154.png
144	2	21	19	23	10	26	17	26	0	0	word_155.png
145	38	19	17	27	0	0	0	0	0	0	word_156.png
146	15	35	10	35	10	14	0	0	0	0	word_157.png
147	1	4	7	15	24	3	7	15	0	0	word_159.png
148	43	3	2	8	41	38	41	4	15	0	word_160.png
149	1	59	15	58	0	0	0	0	0	0	word_161.png
150	4	15	1	0	0	0	0	0	0	0	word_162.png
151	8	3	0	0	0	0	0	0	0	0	word_163.png
152	4	48	36	13	16	17	13	26	18	13	word_164.png
153	23	35	13	0	0	0	0	0	0	0	word_165.png
154	2	13	11	21	30	25	23	17	21	26	word_166.png
155	28	17	23	35	0	0	0	0	0	0	word_167.png
156	3	16	10	26	20	13	0	0	0	0	word_168.png
157	8	21	0	0	0	0	0	0	0	0	word_169.png
158	21	16	33	13	16	0	0	0	0	0	word_170.png
159	55	21	25	16	0	0	0	0	0	0	word_171.png
160	11	62	52	13	0	0	0	0	0	0	word_172.png
161	21	26	0	0	0	0	0	0	0	0	word_173.png
162	3	16	10	26	20	13	0	0	0	0	word_174.png
163	36	30	13	10	19	13	0	0	0	0	word_175.png
164	18	10	30	30	0	0	0	0	0	0	word_176.png
165	60	51	52	0	0	0	0	0	0	0	word_177.png
166	10	26	33	0	0	0	0	0	0	0	word_178.png
167	36	16	13	19	19	0	0	0	0	0	word_179.png
168	21	16	10	26	20	13	0	0	0	0	word_180.png
169	8	43	0	0	0	0	0	0	0	0	word_181.png
170	1	35	17	30	17	36	19	0	0	0	word_182.png
171	27	17	19	17	21	0	0	0	0	0	word_183.png
172	49	45	52	13	0	0	0	0	0	0	word_184.png
173	15	55	26	18	43	10	19	23	13	16	word_185.png
174	45	60	46	8	0	0	0	0	0	0	word_186.png
175	1	3	34	39	4	8	0	0	0	0	word_187.png
176	5	44	38	15	58	0	0	0	0	0	word_188.png
177	59	1	41	2	38	6	4	0	0	0	word_189.png
178	22	3	59	2	0	0	0	0	0	0	word_190.png
179	6	24	41	24	8	38	44	0	0	0	word_191.png
180	44	24	5	4	53	0	0	0	0	0	word_192.png
181	15	38	43	15	59	7	41	0	0	0	word_193.png
182	8	35	13	0	0	0	0	0	0	0	word_194.png
183	38	30	14	13	16	23	0	0	0	0	word_195.png
184	40	13	13	27	13	10	23	13	16	0	word_196.png
185	12	13	0	0	0	0	0	0	0	0	word_197.png
186	31	10	29	13	0	0	0	0	0	0	word_198.png
187	19	25	16	13	0	0	0	0	0	0	word_199.png
188	26	21	23	35	17	26	20	0	0	0	word_200.png
189	19	23	10	26	33	19	0	0	0	0	word_201.png
190	10	26	33	0	0	0	0	0	0	0	word_202.png
191	23	35	13	0	0	0	0	0	0	0	word_203.png
192	13	54	25	17	36	31	13	26	23	0	word_204.png
193	55	21	25	0	0	0	0	0	0	0	word_205.png
194	26	13	13	33	56	0	0	0	0	0	word_206.png
195	7	25	31	0	0	0	0	0	0	0	word_207.png
196	44	21	18	29	0	0	0	0	0	0	word_208.png
197	34	10	36	19	0	0	0	0	0	0	word_209.png
198	44	21	18	29	0	0	0	0	0	0	word_210.png
199	15	18	16	21	30	30	0	0	0	0	word_211.png
200	44	21	18	29	0	0	0	0	0	0	word_212.png
201	57	17	20	30	13	26	0	0	0	0	word_213.png
202	38	16	20	21	19	0	0	0	0	0	word_214.png
203	5	2	4	4	6	3	43	0	0	0	word_215.png
204	4	15	8	38	8	4	0	0	0	0	word_216.png
205	38	41	4	7	8	15	0	0	0	0	word_217.png
206	15	38	42	3	7	15	0	0	0	0	word_218.png
207	15	38	42	3	7	15	0	0	0	0	word_219.png
208	4	15	8	38	8	4	0	0	0	0	word_220.png
209	38	41	4	7	8	15	0	0	0	0	word_221.png
210	15	43	24	2	7	3	5	5	0	0	word_222.png
211	4	0	0	0	0	0	0	0	0	0	word_223.png
212	2	3	59	41	58	0	0	0	0	0	word_224.png
213	41	59	24	6	4	0	0	0	0	0	word_225.png
214	12	13	14	19	17	23	13	0	0	0	word_226.png
215	6	17	16	13	18	23	21	16	55	0	word_227.png
216	38	26	20	25	19	0	0	0	0	0	word_228.png
217	9	56	0	0	0	0	0	0	0	0	word_229.png
218	5	34	38	0	0	0	0	0	0	0	word_230.png
219	5	21	19	23	13	16	0	0	0	0	word_231.png
220	34	10	16	13	0	0	0	0	0	0	word_232.png
221	38	19	19	21	18	17	10	23	13	19	word_233.png
222	1	21	16	23	10	29	10	14	17	26	word_234.png
223	60	51	37	0	0	0	0	0	0	0	word_235.png
224	46	0	0	0	0	0	0	0	0	0	word_236.png
225	45	56	60	62	0	0	0	0	0	0	word_237.png
226	39	26	21	28	30	13	33	20	13	0	word_238.png
227	43	10	26	10	20	13	31	13	26	23	word_239.png
228	63	39	43	65	0	0	0	0	0	0	word_240.png
229	6	16	56	0	0	0	0	0	0	0	word_241.png
230	5	10	17	19	10	30	0	0	0	0	word_242.png
231	15	35	10	27	10	17	23	0	0	0	word_243.png
232	43	25	30	23	17	31	13	33	17	10	word_244.png
233	38	26	10	30	55	19	17	19	0	0	word_245.png
234	10	26	33	0	0	0	0	0	0	0	word_246.png
235	6	10	23	10	0	0	0	0	0	0	word_247.png
236	43	17	26	17	26	20	0	0	0	0	word_248.png
237	40	16	13	10	29	0	0	0	0	0	word_249.png
238	20	30	10	19	19	0	0	0	0	0	word_250.png
239	17	26	0	0	0	0	0	0	0	0	word_251.png
240	18	10	19	13	0	0	0	0	0	0	word_252.png
241	21	27	0	0	0	0	0	0	0	0	word_253.png
242	27	17	16	13	0	0	0	0	0	0	word_254.png
243	6	24	15	34	3	57	4	2	0	0	word_255.png
244	8	58	4	0	0	0	0	0	0	0	word_256.png
245	6	38	2	39	0	0	0	0	0	0	word_257.png
246	15	24	6	4	0	0	0	0	0	0	word_258.png
247	17	17	55	10	31	10	0	0	0	0	word_259.png
248	67	59	40	2	3	12	39	38	0	0	word_260.png
249	40	24	15	3	7	0	0	0	0	0	word_261.png
250	57	3	6	39	38	0	0	0	0	0	word_262.png
251	60	44	0	0	0	0	0	0	0	0	word_263.png
252	38	15	6	38	0	0	0	0	0	0	word_264.png
253	40	38	2	0	0	0	0	0	0	0	word_265.png
254	6	16	17	11	13	16	19	0	0	0	word_266.png
255	19	23	21	36	0	0	0	0	0	0	word_267.png
256	35	13	16	13	0	0	0	0	0	0	word_268.png
257	10	26	33	0	0	0	0	0	0	0	word_269.png
258	16	13	36	21	16	23	0	0	0	0	word_270.png
259	23	21	0	0	0	0	0	0	0	0	word_271.png
260	12	10	16	13	35	21	25	19	13	0	word_272.png
261	3	27	27	17	18	13	56	0	0	0	word_273.png
262	13	19	19	13	26	18	13	0	0	0	word_274.png
263	21	27	0	0	0	0	0	0	0	0	word_275.png
264	18	21	31	36	25	23	17	26	20	0	word_276.png
265	8	58	4	0	0	0	0	0	0	0	word_277.png
266	4	15	15	4	7	34	4	0	0	0	word_278.png
267	3	5	0	0	0	0	0	0	0	0	word_279.png
268	38	2	8	24	5	24	34	24	38	44	word_280.png
269	45	60	46	8	0	0	0	0	0	0	word_282.png
270	15	55	26	18	43	10	19	23	13	16	word_283.png
271	40	16	17	23	17	19	35	0	0	0	word_284.png
272	2	13	33	0	0	0	0	0	0	0	word_285.png
273	34	16	21	19	19	0	0	0	0	0	word_286.png
274	15	35	21	36	0	0	0	0	0	0	word_287.png
275	40	4	38	57	4	2	49	61	0	0	word_288.png
276	8	4	44	68	0	0	0	0	0	0	word_289.png
277	52	60	45	47	49	0	0	0	0	0	word_290.png
278	51	46	52	49	49	49	0	0	0	0	word_291.png
279	61	56	51	60	46	40	0	0	0	0	word_292.png
280	45	7	0	0	0	0	0	0	0	0	word_293.png
281	34	21	31	36	25	23	17	26	20	0	word_294.png
282	15	13	16	11	17	18	13	0	0	0	word_295.png
283	58	4	44	1	0	0	0	0	0	0	word_296.png
284	6	4	15	39	0	0	0	0	0	0	word_297.png
285	34	10	31	36	25	19	0	0	0	0	word_298.png
286	34	38	15	8	44	4	0	0	0	0	word_299.png
287	34	38	43	1	40	4	44	44	0	0	word_300.png
288	3	27	27	17	18	13	0	0	0	0	word_302.png
289	7	17	20	35	23	30	17	26	13	0	word_303.png
290	40	69	58	0	0	0	0	0	0	0	word_304.png
291	41	4	3	2	41	4	0	0	0	0	word_305.png
292	3	2	12	4	44	44	0	0	0	0	word_306.png
293	38	7	24	43	38	44	0	0	0	0	word_307.png
294	5	38	2	43	0	0	0	0	0	0	word_308.png
295	7	21	0	0	0	0	0	0	0	0	word_310.png
296	10	33	31	17	23	23	10	26	18	13	word_311.png
297	38	25	23	35	21	16	17	19	13	33	word_312.png
298	1	13	16	19	21	26	26	13	30	0	word_313.png
299	21	26	30	55	0	0	0	0	0	0	word_314.png
300	58	4	38	44	8	58	0	0	0	0	word_315.png
301	8	21	28	26	0	0	0	0	0	0	word_316.png
302	34	13	26	23	16	13	0	0	0	0	word_317.png
303	34	30	10	18	23	21	26	0	0	0	word_318.png
304	60	46	46	0	0	0	0	0	0	0	word_319.png
305	44	21	26	33	21	26	0	0	0	0	word_320.png
306	34	35	13	30	31	19	27	21	16	33	word_321.png
307	24	36	19	28	17	18	35	0	0	0	word_322.png
308	41	23	56	0	0	0	0	0	0	0	word_323.png
309	22	10	16	31	21	25	23	35	0	0	word_324.png
310	58	10	16	28	17	18	35	0	0	0	word_325.png
311	38	0	0	0	0	0	0	0	0	0	word_326.png
312	44	13	17	19	25	16	13	0	0	0	word_327.png
313	12	21	16	30	33	0	0	0	0	0	word_328.png
314	63	38	60	45	52	65	0	0	0	0	word_330.png
315	63	38	60	45	65	0	0	0	0	0	word_331.png
316	63	38	60	45	65	0	0	0	0	0	word_332.png
317	4	30	13	18	23	16	21	30	25	48	word_333.png
318	1	10	26	10	19	21	26	17	18	0	word_334.png
319	27	16	13	19	35	0	0	0	0	0	word_335.png
320	19	13	31	17	0	0	0	0	0	0	word_336.png
321	19	29	17	31	31	13	33	0	0	0	word_337.png
322	2	4	7	38	59	44	8	0	0	0	word_338.png
323	58	3	8	4	44	0	0	0	0	0	word_339.png
324	6	3	44	44	38	2	0	0	0	0	word_340.png
325	41	3	44	5	0	0	0	0	0	0	word_341.png
326	34	44	59	40	0	0	0	0	0	0	word_342.png
327	28	28	28	56	14	61	11	10	30	25	word_343.png
328	7	21	0	0	0	0	0	0	0	0	word_344.png
329	27	21	21	23	28	10	55	0	0	0	word_345.png
330	27	21	16	0	0	0	0	0	0	0	word_346.png
331	61	51	52	0	0	0	0	0	0	0	word_347.png
332	55	33	19	0	0	0	0	0	0	0	word_348.png
333	15	13	10	23	16	10	33	13	0	0	word_349.png
334	58	21	25	19	13	0	0	0	0	0	word_350.png
335	15	13	10	23	16	10	33	13	0	0	word_351.png
336	44	23	33	0	0	0	0	0	0	0	word_353.png
337	2	13	20	17	19	23	13	16	13	33	word_354.png
338	3	27	27	17	18	13	0	0	0	0	word_355.png
339	4	42	24	8	0	0	0	0	0	0	word_356.png
340	12	38	2	7	24	7	41	53	0	0	word_357.png
341	44	3	12	0	0	0	0	0	0	0	word_358.png
342	5	44	22	24	7	41	0	0	0	0	word_359.png
343	38	7	6	0	0	0	0	0	0	0	word_360.png
344	38	24	2	34	2	38	5	8	0	0	word_361.png
345	40	44	38	15	8	0	0	0	0	0	word_362.png
346	34	38	59	15	4	0	0	0	0	0	word_363.png
347	1	58	22	15	24	34	38	44	0	0	word_364.png
348	24	7	9	59	2	22	0	0	0	0	word_365.png
349	34	38	7	0	0	0	0	0	0	0	word_366.png
350	6	4	1	38	2	8	24	7	41	0	word_367.png
351	12	58	38	8	4	57	4	2	0	0	word_368.png
352	8	58	4	0	0	0	0	0	0	0	word_369.png
353	12	4	38	8	58	4	2	0	0	0	word_370.png
354	15	59	43	43	4	2	0	0	0	0	word_371.png
355	1	44	4	38	15	4	0	0	0	0	word_372.png
356	6	3	0	0	0	0	0	0	0	0	word_373.png
357	7	3	8	0	0	0	0	0	0	0	word_374.png
358	6	24	15	8	59	2	40	0	0	0	word_375.png
359	56	56	56	24	43	0	0	0	0	0	word_376.png
360	9	10	11	10	0	0	0	0	0	0	word_379.png
361	15	3	38	1	0	0	0	0	0	0	word_380.png
362	58	13	26	16	55	0	0	0	0	0	word_381.png
363	40	13	54	25	13	23	0	0	0	0	word_382.png
364	28	16	21	48	0	0	0	0	0	0	word_383.png
365	22	3	59	0	0	0	0	0	0	0	word_384.png
366	38	2	4	0	0	0	0	0	0	0	word_385.png
367	58	4	2	4	0	0	0	0	0	0	word_386.png
368	38	16	18	35	17	23	13	29	23	0	word_388.png
369	33	13	26	0	0	0	0	0	0	0	word_389.png
370	45	50	56	52	61	56	52	50	0	0	word_390.png
371	1	38	7	8	4	7	4	0	0	0	word_392.png
372	1	2	3	66	57	0	0	0	0	0	word_393.png
373	4	15	15	4	42	0	0	0	0	0	word_394.png
374	5	2	4	4	0	0	0	0	0	0	word_395.png
375	6	4	44	24	57	4	2	22	0	0	word_396.png
376	1	30	13	10	19	13	0	0	0	0	word_397.png
377	30	21	18	29	0	0	0	0	0	0	word_398.png
378	23	35	13	0	0	0	0	0	0	0	word_399.png
379	20	10	23	13	0	0	0	0	0	0	word_400.png
380	1	3	34	39	4	8	0	0	0	0	word_401.png
381	5	44	38	15	58	0	0	0	0	0	word_402.png
382	12	38	44	44	38	34	4	0	0	0	word_403.png
383	43	3	7	59	43	4	7	8	0	0	word_404.png
384	15	38	7	22	3	0	0	0	0	0	word_405.png
385	1	2	3	48	23	16	10	42	0	0	word_406.png
386	43	59	44	8	24	43	4	6	24	38	word_407.png
387	1	2	3	9	4	34	8	3	2	0	word_408.png
388	58	4	1	1	0	0	0	0	0	0	word_410.png
389	12	58	15	31	17	23	35	0	0	0	word_411.png
390	15	25	31	31	13	16	0	0	0	0	word_412.png
391	38	2	4	7	38	0	0	0	0	0	word_413.png
392	34	3	44	34	58	4	15	8	4	2	word_414.png
393	38	8	0	0	0	0	0	0	0	0	word_415.png
394	8	58	4	0	0	0	0	0	0	0	word_416.png
395	58	4	38	2	8	0	0	0	0	0	word_417.png
396	3	5	0	0	0	0	0	0	0	0	word_418.png
397	8	58	4	0	0	0	0	0	0	0	word_419.png
398	8	3	12	7	53	0	0	0	0	0	word_420.png
399	15	23	10	23	17	21	26	0	0	0	word_421.png
400	18	10	16	0	0	0	0	0	0	0	word_422.png
401	36	10	16	29	0	0	0	0	0	0	word_423.png
402	34	44	3	34	39	0	0	0	0	0	word_424.png
403	43	59	15	4	59	43	0	0	0	0	word_425.png
404	8	22	43	1	4	2	44	4	22	15	word_426.png
405	2	4	15	4	2	57	4	6	0	0	word_427.png
406	5	3	2	0	0	0	0	0	0	0	word_428.png
407	2	4	41	59	44	38	2	0	0	0	word_429.png
408	58	24	12	24	15	0	0	0	0	0	word_430.png
409	8	35	10	26	29	0	0	0	0	0	word_431.png
410	55	21	25	53	0	0	0	0	0	0	word_432.png
411	35	36	0	0	0	0	0	0	0	0	word_433.png
412	17	26	11	13	26	23	0	0	0	0	word_434.png
413	2	0	0	0	0	0	0	0	0	0	word_435.png
414	11	13	0	0	0	0	0	0	0	0	word_436.png
415	9	10	11	10	0	0	0	0	0	0	word_437.png
416	44	10	26	20	25	10	20	13	0	0	word_438.png
417	41	25	17	33	13	0	0	0	0	0	word_439.png
418	14	55	0	0	0	0	0	0	0	0	word_440.png
419	41	25	55	0	0	0	0	0	0	0	word_441.png
420	15	23	13	13	30	13	0	0	0	0	word_442.png
421	8	43	0	0	0	0	0	0	0	0	word_443.png
422	6	4	7	8	38	44	0	0	0	0	word_444.png
423	15	59	2	41	4	2	22	0	0	0	word_445.png
424	38	2	4	7	38	0	0	0	0	0	word_446.png
425	44	4	24	15	59	2	4	0	0	0	word_447.png
426	15	4	2	57	24	34	4	15	0	0	word_448.png
427	44	24	43	24	8	4	6	0	0	0	word_449.png
428	2	13	20	17	19	23	13	16	13	33	word_450.png
429	3	27	27	17	18	13	0	0	0	0	word_451.png
430	7	58	15	0	0	0	0	0	0	0	word_452.png
431	15	23	10	23	17	21	26	13	16	55	word_453.png
432	40	21	48	0	0	0	0	0	0	0	word_454.png
433	3	1	4	2	38	8	24	7	41	0	word_455.png
434	15	22	15	8	4	43	0	0	0	0	word_456.png
435	5	17	27	23	35	0	0	0	0	0	word_457.png
436	4	33	17	23	17	21	26	0	0	0	word_458.png
437	41	38	44	57	24	7	0	0	0	0	word_460.png
438	3	7	34	4	1	8	15	0	0	0	word_461.png
439	3	2	6	4	2	0	0	0	0	0	word_462.png
440	22	3	59	2	0	0	0	0	0	0	word_463.png
441	24	15	59	67	59	0	0	0	0	0	word_464.png
442	2	21	21	31	0	0	0	0	0	0	word_466.png
443	7	21	0	0	0	0	0	0	0	0	word_467.png
444	31	21	14	17	30	13	0	0	0	0	word_468.png
445	36	35	21	26	13	19	0	0	0	0	word_469.png
446	7	13	13	33	0	0	0	0	0	0	word_470.png
447	10	0	0	0	0	0	0	0	0	0	word_471.png
448	40	16	21	30	30	55	70	0	0	0	word_472.png
449	66	0	0	0	0	0	0	0	0	0	word_473.png
450	9	25	19	23	0	0	0	0	0	0	word_474.png
451	38	19	29	53	0	0	0	0	0	0	word_475.png
452	2	4	15	4	2	57	4	6	0	0	word_476.png
453	5	3	2	0	0	0	0	0	0	0	word_477.png
454	34	44	59	40	0	0	0	0	0	0	word_478.png
455	15	4	34	2	4	8	38	2	22	0	word_479.png
456	43	17	16	10	30	13	32	21	0	0	word_480.png
457	7	10	23	12	13	19	23	0	0	0	word_481.png
458	58	15	40	34	0	0	0	0	0	0	word_482.png
459	8	35	13	0	0	0	0	0	0	0	word_483.png
460	28	21	16	30	33	37	19	0	0	0	word_484.png
461	30	21	18	10	30	0	0	0	0	0	word_485.png
462	14	10	26	29	0	0	0	0	0	0	word_486.png
463	34	25	19	23	21	31	13	16	0	0	word_487.png
464	5	16	13	13	36	35	21	26	13	0	word_488.png
465	1	16	17	11	10	23	13	0	0	0	word_489.png
466	58	17	16	13	0	0	0	0	0	0	word_490.png
467	15	13	16	11	17	18	13	0	0	0	word_491.png
468	15	59	43	43	4	2	0	0	0	0	word_493.png
469	45	52	52	45	0	0	0	0	0	0	word_494.png
470	58	38	24	2	0	0	0	0	0	0	word_495.png
471	45	52	0	0	0	0	0	0	0	0	word_496.png
472	1	10	26	10	19	21	0	0	0	0	word_497.png
473	40	4	12	38	2	4	0	0	0	0	word_498.png
474	38	44	44	24	41	38	8	3	2	0	word_499.png
475	8	4	4	8	58	0	0	0	0	0	word_500.png
476	15	3	2	2	22	0	0	0	0	0	word_501.png
477	8	3	24	44	4	8	0	0	0	0	word_502.png
478	3	59	8	0	0	0	0	0	0	0	word_503.png
479	3	5	0	0	0	0	0	0	0	0	word_504.png
480	3	2	6	4	2	0	0	0	0	0	word_505.png
481	20	13	26	17	13	0	0	0	0	0	word_506.png
482	4	19	19	13	48	0	0	0	0	0	word_507.png
483	34	21	25	26	23	55	0	0	0	0	word_508.png
484	34	21	25	26	18	17	30	0	0	0	word_509.png
485	44	17	14	16	10	16	17	13	19	0	word_510.png
486	44	24	15	8	4	2	24	7	4	0	word_511.png
487	34	3	3	44	43	24	7	8	0	0	word_512.png
488	45	52	52	47	0	0	0	0	0	0	word_514.png
489	34	10	14	30	13	0	0	0	0	0	word_515.png
490	6	44	2	66	46	1	0	0	0	0	word_516.png
491	38	61	46	49	45	0	0	0	0	0	word_517.png
492	7	21	29	17	10	0	0	0	0	0	word_518.png
493	47	45	60	52	0	0	0	0	0	0	word_519.png
494	6	44	2	66	46	1	0	0	0	0	word_520.png
495	6	10	23	10	0	0	0	0	0	0	word_521.png
496	34	10	14	30	13	0	0	0	0	0	word_522.png
497	39	24	38	0	0	0	0	0	0	0	word_523.png
498	10	36	23	13	16	0	0	0	0	0	word_524.png
499	47	47	71	60	4	0	0	0	0	0	word_525.png
500	4	15	15	4	2	0	0	0	0	0	word_526.png
501	6	24	0	0	0	0	0	0	0	0	word_527.png
502	45	45	56	0	0	0	0	0	0	0	word_528.png
503	52	46	56	0	0	0	0	0	0	0	word_529.png
504	60	60	0	0	0	0	0	0	0	0	word_530.png
505	6	5	39	24	0	0	0	0	0	0	word_531.png
506	39	44	0	0	0	0	0	0	0	0	word_532.png
507	72	0	0	0	0	0	0	0	0	0	word_533.png
508	38	26	16	25	27	30	17	19	23	13	word_534.png
509	60	0	0	0	0	0	0	0	0	0	word_535.png
510	2	10	55	30	13	17	20	35	0	0	word_536.png
511	7	4	12	0	0	0	0	0	0	0	word_537.png
512	8	2	38	5	5	24	34	0	0	0	word_538.png
513	15	24	41	7	38	44	15	0	0	0	word_539.png
514	38	58	4	38	6	0	0	0	0	0	word_540.png
515	44	13	17	19	25	16	13	0	0	0	word_541.png
516	24	36	19	28	17	18	35	0	0	0	word_542.png
517	2	21	10	33	0	0	0	0	0	0	word_543.png
518	41	16	13	13	26	19	23	13	10	33	word_544.png
519	34	13	26	23	16	13	0	0	0	0	word_545.png
520	44	3	59	7	41	4	0	0	0	0	word_546.png
521	2	3	22	38	44	0	0	0	0	0	word_547.png
522	43	38	24	44	0	0	0	0	0	0	word_548.png
523	4	60	60	2	0	0	0	0	0	0	word_549.png
524	3	11	13	16	19	13	10	19	0	0	word_550.png
525	2	13	30	10	23	17	21	26	19	0	word_551.png
526	3	27	27	17	18	13	0	0	0	0	word_552.png
527	7	3	0	0	0	0	0	0	0	0	word_553.png
528	4	7	8	2	22	0	0	0	0	0	word_554.png
529	12	58	4	7	0	0	0	0	0	0	word_555.png
530	2	4	6	0	0	0	0	0	0	0	word_556.png
531	44	24	41	58	8	0	0	0	0	0	word_557.png
532	24	15	0	0	0	0	0	0	0	0	word_558.png
533	5	44	38	15	58	24	7	41	0	0	word_559.png
534	40	38	2	34	44	38	22	15	0	0	word_560.png
535	40	25	17	30	33	17	26	20	0	0	word_561.png
536	12	13	14	0	0	0	0	0	0	0	word_562.png
537	15	13	16	11	17	18	13	19	0	0	word_563.png
538	28	17	23	35	0	0	0	0	0	0	word_564.png
539	43	10	29	17	26	20	0	0	0	0	word_565.png
540	15	13	26	19	13	0	0	0	0	0	word_566.png
541	21	27	0	0	0	0	0	0	0	0	word_567.png
542	10	26	33	0	0	0	0	0	0	0	word_568.png
543	59	6	6	24	0	0	0	0	0	0	word_569.png
544	9	10	11	10	0	0	0	0	0	0	word_570.png
545	8	43	0	0	0	0	0	0	0	0	word_571.png
546	42	43	0	0	0	0	0	0	0	0	word_572.png
547	15	3	38	0	0	0	0	0	0	0	word_573.png
548	12	15	6	0	0	0	0	0	0	0	word_574.png
549	58	38	44	44	0	0	0	0	0	0	word_575.png
550	3	5	0	0	0	0	0	0	0	0	word_576.png
551	58	4	2	3	4	15	0	0	0	0	word_577.png
552	8	24	5	24	34	24	38	44	0	0	word_578.png
553	38	0	0	0	0	0	0	0	0	0	word_580.png
554	43	3	6	4	2	7	0	0	0	0	word_581.png
555	38	1	1	2	3	38	34	58	0	0	word_582.png
556	15	8	59	38	2	8	0	0	0	0	word_583.png
557	2	59	15	15	4	44	44	0	0	0	word_584.png
558	1	4	8	4	2	0	0	0	0	0	word_585.png
559	7	3	2	57	24	41	0	0	0	0	word_586.png
560	15	38	44	3	3	7	0	0	0	0	word_587.png
561	49	52	52	52	0	0	0	0	0	0	word_588.png
562	6	4	44	44	0	0	0	0	0	0	word_589.png
563	24	7	15	1	24	2	3	7	0	0	word_590.png
564	73	0	0	0	0	0	0	0	0	0	word_591.png
565	8	4	15	34	3	0	0	0	0	0	word_592.png
566	2	38	34	4	0	0	0	0	0	0	word_593.png
567	5	3	2	0	0	0	0	0	0	0	word_594.png
568	44	24	5	4	0	0	0	0	0	0	word_595.png
569	34	38	7	34	4	2	0	0	0	0	word_596.png
570	2	4	15	4	38	2	34	58	0	0	word_597.png
571	59	39	0	0	0	0	0	0	0	0	word_598.png
572	8	3	22	3	8	38	0	0	0	0	word_599.png
573	44	38	6	24	4	15	0	0	0	0	word_600.png
574	34	10	26	21	26	0	0	0	0	0	word_601.png
575	1	21	28	13	16	15	35	21	23	0	word_602.png
576	8	35	13	0	0	0	0	0	0	0	word_604.png
577	30	10	19	23	0	0	0	0	0	0	word_605.png
578	28	21	16	33	0	0	0	0	0	0	word_606.png
579	17	26	0	0	0	0	0	0	0	0	word_607.png
580	14	21	21	29	19	0	0	0	0	0	word_608.png
581	34	10	26	21	26	0	0	0	0	0	word_609.png
582	15	21	27	23	28	10	16	13	0	0	word_610.png
583	6	13	19	17	20	26	0	0	0	0	word_611.png
584	27	21	16	0	0	0	0	0	0	0	word_612.png
585	2	13	10	30	66	23	17	31	13	0	word_613.png
586	15	55	19	23	13	31	19	0	0	0	word_614.png
587	9	56	4	56	0	0	0	0	0	0	word_615.png
588	34	3	3	44	24	7	41	0	0	0	word_616.png
589	68	58	10	26	19	21	30	0	0	0	word_617.png
590	24	26	27	13	18	23	17	21	26	19	word_618.png
591	17	26	0	0	0	0	0	0	0	0	word_619.png
592	38	27	16	17	18	10	0	0	0	0	word_620.png
593	28	35	21	0	0	0	0	0	0	0	word_622.png
594	17	19	0	0	0	0	0	0	0	0	word_623.png
595	10	23	0	0	0	0	0	0	0	0	word_624.png
596	16	17	19	29	70	0	0	0	0	0	word_625.png
597	41	25	23	0	0	0	0	0	0	0	word_626.png
598	20	13	26	21	31	17	18	19	0	0	word_627.png
599	17	26	0	0	0	0	0	0	0	0	word_630.png
600	4	59	66	27	25	26	33	13	33	0	word_631.png
601	58	13	10	30	23	35	0	0	0	0	word_632.png
602	2	13	19	13	10	16	18	35	0	0	word_633.png
603	12	10	55	0	0	0	0	0	0	0	word_634.png
604	21	25	23	0	0	0	0	0	0	0	word_635.png
605	7	17	20	35	23	30	17	26	13	0	word_636.png
606	2	38	5	0	0	0	0	0	0	0	word_637.png
607	34	38	2	4	4	2	15	0	0	0	word_638.png
608	57	24	7	34	4	15	0	0	0	0	word_639.png
609	45	7	0	0	0	0	0	0	0	0	word_640.png
610	61	40	56	51	45	45	0	0	0	0	word_641.png
611	43	10	16	17	19	10	0	0	0	0	word_642.png
612	40	21	19	23	21	18	29	0	0	0	word_643.png
613	9	13	26	26	55	0	0	0	0	0	word_644.png
614	6	17	48	21	26	0	0	0	0	0	word_645.png
615	41	2	38	6	59	38	8	4	0	0	word_646.png
616	3	5	5	24	34	4	0	0	0	0	word_647.png
617	34	21	30	18	35	13	19	23	13	16	word_648.png
618	5	24	57	4	0	0	0	0	0	0	word_649.png
619	5	3	59	2	15	0	0	0	0	0	word_650.png
